#
# There is insufficient memory for the Java Runtime Environment to continue.
# Native memory allocation (malloc) failed to allocate 1885680 bytes. Error detail: Chunk::new
# Possible reasons:
#   The system is out of physical RAM or swap space
#   This process is running with CompressedOops enabled, and the Java Heap may be blocking the growth of the native heap
# Possible solutions:
#   Reduce memory load on the system
#   Increase physical memory or swap space
#   Check if swap backing store is full
#   Decrease Java heap size (-Xmx/-Xms)
#   Decrease number of Java threads
#   Decrease Java thread stack sizes (-Xss)
#   Set larger code cache with -XX:ReservedCodeCacheSize=
#   JVM is running with Zero Based Compressed Oops mode in which the Java heap is
#     placed in the first 32GB address space. The Java Heap base address is the
#     maximum limit for the native heap growth. Please use -XX:HeapBaseMinAddress
#     to set the Java Heap base and to place the Java Heap above 32GB virtual address.
# This output file may be truncated or incomplete.
#
#  Out of Memory Error (arena.cpp:168), pid=8788, tid=11528
#
# JRE version: OpenJDK Runtime Environment (21.0.6) (build 21.0.6+-13368085-b895.109)
# Java VM: OpenJDK 64-Bit Server VM (21.0.6+-13368085-b895.109, mixed mode, tiered, compressed oops, compressed class ptrs, g1 gc, windows-amd64)
# No core dump will be written. Minidumps are not enabled by default on client versions of Windows
#

---------------  S U M M A R Y ------------

Command Line: org.jetbrains.kotlin.cli.jvm.K2JVMCompiler @C:\Users\aleandivanov\Desktop\VKR\VetochkaAdmin\app\build\20250523_4478557869521978891.compiler.options

Host: 12th Gen Intel(R) Core(TM) i5-1235U, 12 cores, 15G,  Windows 10 , 64 bit Build 19041 (10.0.19041.5678)
Time: Fri May 23 12:35:41 2025 RTZ 2 (s 10 , 64 bit Build 19041 (10.0.19041.5678) elapsed time: 15.241047 seconds (0d 0h 0m 15s)

---------------  T H R E A D  ---------------

Current thread (0x000001a37e8d81c0):  JavaThread "C2 CompilerThread1" daemon [_thread_in_native, id=11528, stack(0x0000004932500000,0x0000004932600000) (1024K)]


Current CompileTask:
C2:15241 9490       4       org.jetbrains.kotlin.load.java.structure.impl.classFiles.BinaryJavaMethodBase$Companion::create (572 bytes)

Stack: [0x0000004932500000,0x0000004932600000]
Native frames: (J=compiled Java code, j=interpreted, Vv=VM code, C=native code)
V  [jvm.dll+0x6d0639]
V  [jvm.dll+0x85eb03]
V  [jvm.dll+0x86105e]
V  [jvm.dll+0x861743]
V  [jvm.dll+0x27e6e6]
V  [jvm.dll+0xbff6d]
V  [jvm.dll+0xc04a3]
V  [jvm.dll+0x3b61ab]
V  [jvm.dll+0x1de872]
V  [jvm.dll+0x247dd4]
V  [jvm.dll+0x247251]
V  [jvm.dll+0x1c5f04]
V  [jvm.dll+0x2569ac]
V  [jvm.dll+0x254ef6]
V  [jvm.dll+0x3f0e96]
V  [jvm.dll+0x806ed8]
V  [jvm.dll+0x6cef0d]
C  [ucrtbase.dll+0x21bb2]
C  [KERNEL32.DLL+0x17374]
C  [ntdll.dll+0x4cc91]


---------------  P R O C E S S  ---------------

Threads class SMR info:
_java_thread_list=0x000001a306e4ec20, length=12, elements={
0x000001a361221880, 0x000001a37d7cdac0, 0x000001a37d7ce5e0, 0x000001a37d7cffb0,
0x000001a37d7b74c0, 0x000001a37d7b7b20, 0x000001a37d7b8180, 0x000001a37d7e56f0,
0x000001a37d7e5d90, 0x000001a37d96fab0, 0x000001a37d974940, 0x000001a37e8d81c0
}

Java Threads: ( => current thread )
  0x000001a361221880 JavaThread "main"                              [_thread_in_Java, id=18116, stack(0x0000004931300000,0x0000004931400000) (1024K)]
  0x000001a37d7cdac0 JavaThread "Reference Handler"          daemon [_thread_blocked, id=10508, stack(0x0000004931b00000,0x0000004931c00000) (1024K)]
  0x000001a37d7ce5e0 JavaThread "Finalizer"                  daemon [_thread_blocked, id=18344, stack(0x0000004931c00000,0x0000004931d00000) (1024K)]
  0x000001a37d7cffb0 JavaThread "Signal Dispatcher"          daemon [_thread_blocked, id=15904, stack(0x0000004931d00000,0x0000004931e00000) (1024K)]
  0x000001a37d7b74c0 JavaThread "Attach Listener"            daemon [_thread_blocked, id=10788, stack(0x0000004931e00000,0x0000004931f00000) (1024K)]
  0x000001a37d7b7b20 JavaThread "Service Thread"             daemon [_thread_blocked, id=4144, stack(0x0000004931f00000,0x0000004932000000) (1024K)]
  0x000001a37d7b8180 JavaThread "Monitor Deflation Thread"   daemon [_thread_blocked, id=5664, stack(0x0000004932000000,0x0000004932100000) (1024K)]
  0x000001a37d7e56f0 JavaThread "C2 CompilerThread0"         daemon [_thread_in_native, id=18404, stack(0x0000004932100000,0x0000004932200000) (1024K)]
  0x000001a37d7e5d90 JavaThread "C1 CompilerThread0"         daemon [_thread_in_vm, id=12548, stack(0x0000004932200000,0x0000004932300000) (1024K)]
  0x000001a37d96fab0 JavaThread "Notification Thread"        daemon [_thread_blocked, id=18512, stack(0x0000004932300000,0x0000004932400000) (1024K)]
  0x000001a37d974940 JavaThread "Common-Cleaner"             daemon [_thread_blocked, id=932, stack(0x0000004932400000,0x0000004932500000) (1024K)]
=>0x000001a37e8d81c0 JavaThread "C2 CompilerThread1"         daemon [_thread_in_native, id=11528, stack(0x0000004932500000,0x0000004932600000) (1024K)]
Total: 12

Other Threads:
  0x000001a37d60ee90 VMThread "VM Thread"                           [id=18500, stack(0x0000004931a00000,0x0000004931b00000) (1024K)]
  0x000001a37d5ab0e0 WatcherThread "VM Periodic Task Thread"        [id=12516, stack(0x0000004931900000,0x0000004931a00000) (1024K)]
  0x000001a3634b1f90 WorkerThread "GC Thread#0"                     [id=16924, stack(0x0000004931400000,0x0000004931500000) (1024K)]
  0x000001a37e12dc40 WorkerThread "GC Thread#1"                     [id=13608, stack(0x0000004932600000,0x0000004932700000) (1024K)]
  0x000001a37e106460 WorkerThread "GC Thread#2"                     [id=9260, stack(0x0000004932700000,0x0000004932800000) (1024K)]
  0x000001a37e106800 WorkerThread "GC Thread#3"                     [id=10748, stack(0x0000004932800000,0x0000004932900000) (1024K)]
  0x000001a37e106ba0 WorkerThread "GC Thread#4"                     [id=5596, stack(0x0000004932900000,0x0000004932a00000) (1024K)]
  0x000001a37e106f40 WorkerThread "GC Thread#5"                     [id=19028, stack(0x0000004932a00000,0x0000004932b00000) (1024K)]
  0x000001a37e299ae0 WorkerThread "GC Thread#6"                     [id=6320, stack(0x0000004932b00000,0x0000004932c00000) (1024K)]
  0x000001a37e298520 WorkerThread "GC Thread#7"                     [id=4240, stack(0x0000004932c00000,0x0000004932d00000) (1024K)]
  0x000001a37e9f5800 WorkerThread "GC Thread#8"                     [id=17192, stack(0x0000004933000000,0x0000004933100000) (1024K)]
  0x000001a37e9f8380 WorkerThread "GC Thread#9"                     [id=14800, stack(0x0000004933100000,0x0000004933200000) (1024K)]
  0x000001a3634c31d0 ConcurrentGCThread "G1 Main Marker"            [id=13508, stack(0x0000004931500000,0x0000004931600000) (1024K)]
  0x000001a3634c55f0 WorkerThread "G1 Conc#0"                       [id=764, stack(0x0000004931600000,0x0000004931700000) (1024K)]
  0x000001a37e298c60 WorkerThread "G1 Conc#1"                       [id=4720, stack(0x0000004932d00000,0x0000004932e00000) (1024K)]
  0x000001a37e2988c0 WorkerThread "G1 Conc#2"                       [id=10312, stack(0x0000004932e00000,0x0000004932f00000) (1024K)]
  0x000001a37d47a130 ConcurrentGCThread "G1 Refine#0"               [id=3260, stack(0x0000004931700000,0x0000004931800000) (1024K)]
  0x000001a37d47a8b0 ConcurrentGCThread "G1 Service"                [id=17740, stack(0x0000004931800000,0x0000004931900000) (1024K)]
Total: 18

Threads with active compile tasks:
C2 CompilerThread0  15265 9770       4       org.jetbrains.kotlin.fir.deserialization.FirDeserializationContext::<init> (229 bytes)
C1 CompilerThread0  15265 9862       3       androidx.compose.compiler.plugins.kotlin.lower.ComposerTypeRemapper::remapType (729 bytes)
C2 CompilerThread1  15265 9490       4       org.jetbrains.kotlin.load.java.structure.impl.classFiles.BinaryJavaMethodBase$Companion::create (572 bytes)
Total: 3

VM state: not at safepoint (normal execution)

VM Mutex/Monitor currently owned by a thread: None

Heap address: 0x0000000705a00000, size: 4006 MB, Compressed Oops mode: Zero based, Oop shift amount: 3

CDS archive(s) not mapped
Compressed class space mapped at: 0x0000000800000000-0x0000000840000000, reserved size: 1073741824
Narrow klass base: 0x0000000800000000, Narrow klass shift: 0, Narrow klass range: 0x40000000

GC Precious Log:
 CardTable entry size: 512
 Card Set container configuration: InlinePtr #cards 4 size 8 Array Of Cards #cards 16 size 48 Howl #buckets 8 coarsen threshold 3686 Howl Bitmap #cards 512 size 80 coarsen threshold 460 Card regions per heap region 1 cards per card region 4096
 CPUs: 12 total, 12 available
 Memory: 16016M
 Large Page Support: Disabled
 NUMA Support: Disabled
 Compressed Oops: Enabled (Zero based)
 Heap Region Size: 2M
 Heap Min Capacity: 8M
 Heap Initial Capacity: 252M
 Heap Max Capacity: 4006M
 Pre-touch: Disabled
 Parallel Workers: 10
 Concurrent Workers: 3
 Concurrent Refinement Workers: 10
 Periodic GC: Disabled

Heap:
 garbage-first heap   total 219136K, used 153873K [0x0000000705a00000, 0x0000000800000000)
  region size 2048K, 16 young (32768K), 3 survivors (6144K)
 Metaspace       used 71730K, committed 72064K, reserved 1114112K
  class space    used 7632K, committed 7744K, reserved 1048576K

Heap Regions: E=young(eden), S=young(survivor), O=old, HS=humongous(starts), HC=humongous(continues), CS=collection set, F=free, TAMS=top-at-mark-start, PB=parsable bottom
|   0|0x0000000705a00000, 0x0000000705c00000, 0x0000000705c00000|100%|HS|  |TAMS 0x0000000705a00000| PB 0x0000000705a00000| Complete 
|   1|0x0000000705c00000, 0x0000000705e00000, 0x0000000705e00000|100%|HC|  |TAMS 0x0000000705c00000| PB 0x0000000705c00000| Complete 
|   2|0x0000000705e00000, 0x0000000706000000, 0x0000000706000000|100%| O|  |TAMS 0x0000000705e00000| PB 0x0000000705e00000| Untracked 
|   3|0x0000000706000000, 0x0000000706200000, 0x0000000706200000|100%| O|  |TAMS 0x0000000706000000| PB 0x0000000706000000| Untracked 
|   4|0x0000000706200000, 0x0000000706400000, 0x0000000706400000|100%| O|  |TAMS 0x0000000706200000| PB 0x0000000706200000| Untracked 
|   5|0x0000000706400000, 0x0000000706600000, 0x0000000706600000|100%| O|  |TAMS 0x0000000706400000| PB 0x0000000706400000| Untracked 
|   6|0x0000000706600000, 0x0000000706800000, 0x0000000706800000|100%| O|  |TAMS 0x0000000706600000| PB 0x0000000706600000| Untracked 
|   7|0x0000000706800000, 0x0000000706a00000, 0x0000000706a00000|100%| O|  |TAMS 0x0000000706800000| PB 0x0000000706800000| Untracked 
|   8|0x0000000706a00000, 0x0000000706c00000, 0x0000000706c00000|100%| O|  |TAMS 0x0000000706a00000| PB 0x0000000706a00000| Untracked 
|   9|0x0000000706c00000, 0x0000000706e00000, 0x0000000706e00000|100%| O|  |TAMS 0x0000000706c00000| PB 0x0000000706c00000| Untracked 
|  10|0x0000000706e00000, 0x0000000707000000, 0x0000000707000000|100%| O|  |TAMS 0x0000000706e00000| PB 0x0000000706e00000| Untracked 
|  11|0x0000000707000000, 0x0000000707200000, 0x0000000707200000|100%| O|  |TAMS 0x0000000707000000| PB 0x0000000707000000| Untracked 
|  12|0x0000000707200000, 0x0000000707400000, 0x0000000707400000|100%| O|  |TAMS 0x0000000707200000| PB 0x0000000707200000| Untracked 
|  13|0x0000000707400000, 0x0000000707600000, 0x0000000707600000|100%| O|  |TAMS 0x0000000707400000| PB 0x0000000707400000| Untracked 
|  14|0x0000000707600000, 0x0000000707800000, 0x0000000707800000|100%| O|  |TAMS 0x0000000707600000| PB 0x0000000707600000| Untracked 
|  15|0x0000000707800000, 0x0000000707a00000, 0x0000000707a00000|100%| O|  |TAMS 0x0000000707800000| PB 0x0000000707800000| Untracked 
|  16|0x0000000707a00000, 0x0000000707c00000, 0x0000000707c00000|100%| O|  |TAMS 0x0000000707a00000| PB 0x0000000707a00000| Untracked 
|  17|0x0000000707c00000, 0x0000000707e00000, 0x0000000707e00000|100%| O|  |TAMS 0x0000000707c00000| PB 0x0000000707c00000| Untracked 
|  18|0x0000000707e00000, 0x0000000708000000, 0x0000000708000000|100%| O|  |TAMS 0x0000000707e00000| PB 0x0000000707e00000| Untracked 
|  19|0x0000000708000000, 0x0000000708200000, 0x0000000708200000|100%| O|  |TAMS 0x0000000708000000| PB 0x0000000708000000| Untracked 
|  20|0x0000000708200000, 0x0000000708400000, 0x0000000708400000|100%| O|  |TAMS 0x0000000708200000| PB 0x0000000708200000| Untracked 
|  21|0x0000000708400000, 0x0000000708600000, 0x0000000708600000|100%| O|  |TAMS 0x0000000708400000| PB 0x0000000708400000| Untracked 
|  22|0x0000000708600000, 0x0000000708800000, 0x0000000708800000|100%| O|  |TAMS 0x0000000708600000| PB 0x0000000708600000| Untracked 
|  23|0x0000000708800000, 0x0000000708a00000, 0x0000000708a00000|100%| O|  |TAMS 0x0000000708800000| PB 0x0000000708800000| Untracked 
|  24|0x0000000708a00000, 0x0000000708c00000, 0x0000000708c00000|100%| O|  |TAMS 0x0000000708a00000| PB 0x0000000708a00000| Untracked 
|  25|0x0000000708c00000, 0x0000000708e00000, 0x0000000708e00000|100%| O|  |TAMS 0x0000000708c00000| PB 0x0000000708c00000| Untracked 
|  26|0x0000000708e00000, 0x0000000709000000, 0x0000000709000000|100%| O|  |TAMS 0x0000000708e00000| PB 0x0000000708e00000| Untracked 
|  27|0x0000000709000000, 0x0000000709200000, 0x0000000709200000|100%| O|  |TAMS 0x0000000709000000| PB 0x0000000709000000| Untracked 
|  28|0x0000000709200000, 0x0000000709400000, 0x0000000709400000|100%| O|  |TAMS 0x0000000709200000| PB 0x0000000709200000| Untracked 
|  29|0x0000000709400000, 0x0000000709600000, 0x0000000709600000|100%| O|  |TAMS 0x0000000709400000| PB 0x0000000709400000| Untracked 
|  30|0x0000000709600000, 0x0000000709800000, 0x0000000709800000|100%| O|  |TAMS 0x0000000709600000| PB 0x0000000709600000| Untracked 
|  31|0x0000000709800000, 0x0000000709a00000, 0x0000000709a00000|100%| O|  |TAMS 0x0000000709800000| PB 0x0000000709800000| Untracked 
|  32|0x0000000709a00000, 0x0000000709c00000, 0x0000000709c00000|100%| O|  |TAMS 0x0000000709a00000| PB 0x0000000709a00000| Untracked 
|  33|0x0000000709c00000, 0x0000000709e00000, 0x0000000709e00000|100%| O|  |TAMS 0x0000000709c00000| PB 0x0000000709c00000| Untracked 
|  34|0x0000000709e00000, 0x000000070a000000, 0x000000070a000000|100%| O|  |TAMS 0x0000000709e00000| PB 0x0000000709e00000| Untracked 
|  35|0x000000070a000000, 0x000000070a200000, 0x000000070a200000|100%| O|  |TAMS 0x000000070a000000| PB 0x000000070a000000| Untracked 
|  36|0x000000070a200000, 0x000000070a400000, 0x000000070a400000|100%| O|  |TAMS 0x000000070a200000| PB 0x000000070a200000| Untracked 
|  37|0x000000070a400000, 0x000000070a600000, 0x000000070a600000|100%| O|  |TAMS 0x000000070a400000| PB 0x000000070a400000| Untracked 
|  38|0x000000070a600000, 0x000000070a800000, 0x000000070a800000|100%| O|Cm|TAMS 0x000000070a600000| PB 0x000000070a600000| Complete 
|  39|0x000000070a800000, 0x000000070aa00000, 0x000000070aa00000|100%| O|  |TAMS 0x000000070a800000| PB 0x000000070a800000| Untracked 
|  40|0x000000070aa00000, 0x000000070ac00000, 0x000000070ac00000|100%| O|  |TAMS 0x000000070aa00000| PB 0x000000070aa00000| Untracked 
|  41|0x000000070ac00000, 0x000000070ae00000, 0x000000070ae00000|100%| O|  |TAMS 0x000000070ac00000| PB 0x000000070ac00000| Untracked 
|  42|0x000000070ae00000, 0x000000070b000000, 0x000000070b000000|100%| O|  |TAMS 0x000000070ae00000| PB 0x000000070ae00000| Untracked 
|  43|0x000000070b000000, 0x000000070b200000, 0x000000070b200000|100%| O|  |TAMS 0x000000070b000000| PB 0x000000070b000000| Untracked 
|  44|0x000000070b200000, 0x000000070b400000, 0x000000070b400000|100%| O|  |TAMS 0x000000070b200000| PB 0x000000070b200000| Untracked 
|  45|0x000000070b400000, 0x000000070b600000, 0x000000070b600000|100%| O|  |TAMS 0x000000070b400000| PB 0x000000070b400000| Untracked 
|  46|0x000000070b600000, 0x000000070b800000, 0x000000070b800000|100%| O|  |TAMS 0x000000070b600000| PB 0x000000070b600000| Untracked 
|  47|0x000000070b800000, 0x000000070ba00000, 0x000000070ba00000|100%| O|  |TAMS 0x000000070b800000| PB 0x000000070b800000| Untracked 
|  48|0x000000070ba00000, 0x000000070bc00000, 0x000000070bc00000|100%| O|  |TAMS 0x000000070ba00000| PB 0x000000070ba00000| Untracked 
|  49|0x000000070bc00000, 0x000000070be00000, 0x000000070be00000|100%| O|  |TAMS 0x000000070bc00000| PB 0x000000070bc00000| Untracked 
|  50|0x000000070be00000, 0x000000070c000000, 0x000000070c000000|100%| O|  |TAMS 0x000000070be00000| PB 0x000000070be00000| Untracked 
|  51|0x000000070c000000, 0x000000070c200000, 0x000000070c200000|100%| O|  |TAMS 0x000000070c000000| PB 0x000000070c000000| Untracked 
|  52|0x000000070c200000, 0x000000070c400000, 0x000000070c400000|100%| O|  |TAMS 0x000000070c200000| PB 0x000000070c200000| Untracked 
|  53|0x000000070c400000, 0x000000070c600000, 0x000000070c600000|100%| O|  |TAMS 0x000000070c400000| PB 0x000000070c400000| Untracked 
|  54|0x000000070c600000, 0x000000070c800000, 0x000000070c800000|100%| O|  |TAMS 0x000000070c600000| PB 0x000000070c600000| Untracked 
|  55|0x000000070c800000, 0x000000070ca00000, 0x000000070ca00000|100%| O|  |TAMS 0x000000070c800000| PB 0x000000070c800000| Untracked 
|  56|0x000000070ca00000, 0x000000070cc00000, 0x000000070cc00000|100%| O|Cm|TAMS 0x000000070ca00000| PB 0x000000070ca00000| Complete 
|  57|0x000000070cc00000, 0x000000070cce9f90, 0x000000070ce00000| 45%| O|  |TAMS 0x000000070cc00000| PB 0x000000070cc00000| Untracked 
|  58|0x000000070ce00000, 0x000000070ce00000, 0x000000070d000000|  0%| F|  |TAMS 0x000000070ce00000| PB 0x000000070ce00000| Untracked 
|  59|0x000000070d000000, 0x000000070d000000, 0x000000070d200000|  0%| F|  |TAMS 0x000000070d000000| PB 0x000000070d000000| Untracked 
|  60|0x000000070d200000, 0x000000070d200000, 0x000000070d400000|  0%| F|  |TAMS 0x000000070d200000| PB 0x000000070d200000| Untracked 
|  61|0x000000070d400000, 0x000000070d400000, 0x000000070d600000|  0%| F|  |TAMS 0x000000070d400000| PB 0x000000070d400000| Untracked 
|  62|0x000000070d600000, 0x000000070d600000, 0x000000070d800000|  0%| F|  |TAMS 0x000000070d600000| PB 0x000000070d600000| Untracked 
|  63|0x000000070d800000, 0x000000070d95a568, 0x000000070da00000| 67%| S|CS|TAMS 0x000000070d800000| PB 0x000000070d800000| Complete 
|  64|0x000000070da00000, 0x000000070dc00000, 0x000000070dc00000|100%| S|CS|TAMS 0x000000070da00000| PB 0x000000070da00000| Complete 
|  65|0x000000070dc00000, 0x000000070dc00000, 0x000000070de00000|  0%| F|  |TAMS 0x000000070dc00000| PB 0x000000070dc00000| Untracked 
|  66|0x000000070de00000, 0x000000070de00000, 0x000000070e000000|  0%| F|  |TAMS 0x000000070de00000| PB 0x000000070de00000| Untracked 
|  67|0x000000070e000000, 0x000000070e000000, 0x000000070e200000|  0%| F|  |TAMS 0x000000070e000000| PB 0x000000070e000000| Untracked 
|  68|0x000000070e200000, 0x000000070e400000, 0x000000070e400000|100%| S|CS|TAMS 0x000000070e200000| PB 0x000000070e200000| Complete 
|  69|0x000000070e400000, 0x000000070e400000, 0x000000070e600000|  0%| F|  |TAMS 0x000000070e400000| PB 0x000000070e400000| Untracked 
|  70|0x000000070e600000, 0x000000070e600000, 0x000000070e800000|  0%| F|  |TAMS 0x000000070e600000| PB 0x000000070e600000| Untracked 
|  71|0x000000070e800000, 0x000000070e800000, 0x000000070ea00000|  0%| F|  |TAMS 0x000000070e800000| PB 0x000000070e800000| Untracked 
|  72|0x000000070ea00000, 0x000000070ea00000, 0x000000070ec00000|  0%| F|  |TAMS 0x000000070ea00000| PB 0x000000070ea00000| Untracked 
|  73|0x000000070ec00000, 0x000000070ec00000, 0x000000070ee00000|  0%| F|  |TAMS 0x000000070ec00000| PB 0x000000070ec00000| Untracked 
|  74|0x000000070ee00000, 0x000000070ee00000, 0x000000070f000000|  0%| F|  |TAMS 0x000000070ee00000| PB 0x000000070ee00000| Untracked 
|  75|0x000000070f000000, 0x000000070f000000, 0x000000070f200000|  0%| F|  |TAMS 0x000000070f000000| PB 0x000000070f000000| Untracked 
|  76|0x000000070f200000, 0x000000070f200000, 0x000000070f400000|  0%| F|  |TAMS 0x000000070f200000| PB 0x000000070f200000| Untracked 
|  77|0x000000070f400000, 0x000000070f400000, 0x000000070f600000|  0%| F|  |TAMS 0x000000070f400000| PB 0x000000070f400000| Untracked 
|  78|0x000000070f600000, 0x000000070f600000, 0x000000070f800000|  0%| F|  |TAMS 0x000000070f600000| PB 0x000000070f600000| Untracked 
|  79|0x000000070f800000, 0x000000070f800000, 0x000000070fa00000|  0%| F|  |TAMS 0x000000070f800000| PB 0x000000070f800000| Untracked 
|  80|0x000000070fa00000, 0x000000070fa00000, 0x000000070fc00000|  0%| F|  |TAMS 0x000000070fa00000| PB 0x000000070fa00000| Untracked 
|  81|0x000000070fc00000, 0x000000070fc00000, 0x000000070fe00000|  0%| F|  |TAMS 0x000000070fc00000| PB 0x000000070fc00000| Untracked 
|  82|0x000000070fe00000, 0x000000070fe00000, 0x0000000710000000|  0%| F|  |TAMS 0x000000070fe00000| PB 0x000000070fe00000| Untracked 
|  83|0x0000000710000000, 0x0000000710000000, 0x0000000710200000|  0%| F|  |TAMS 0x0000000710000000| PB 0x0000000710000000| Untracked 
|  84|0x0000000710200000, 0x0000000710200000, 0x0000000710400000|  0%| F|  |TAMS 0x0000000710200000| PB 0x0000000710200000| Untracked 
|  85|0x0000000710400000, 0x0000000710400000, 0x0000000710600000|  0%| F|  |TAMS 0x0000000710400000| PB 0x0000000710400000| Untracked 
|  86|0x0000000710600000, 0x0000000710600000, 0x0000000710800000|  0%| F|  |TAMS 0x0000000710600000| PB 0x0000000710600000| Untracked 
|  87|0x0000000710800000, 0x0000000710800000, 0x0000000710a00000|  0%| F|  |TAMS 0x0000000710800000| PB 0x0000000710800000| Untracked 
|  88|0x0000000710a00000, 0x0000000710a00000, 0x0000000710c00000|  0%| F|  |TAMS 0x0000000710a00000| PB 0x0000000710a00000| Untracked 
|  89|0x0000000710c00000, 0x0000000710c00000, 0x0000000710e00000|  0%| F|  |TAMS 0x0000000710c00000| PB 0x0000000710c00000| Untracked 
|  90|0x0000000710e00000, 0x0000000710e00000, 0x0000000711000000|  0%| F|  |TAMS 0x0000000710e00000| PB 0x0000000710e00000| Untracked 
|  91|0x0000000711000000, 0x0000000711200000, 0x0000000711200000|100%| E|  |TAMS 0x0000000711000000| PB 0x0000000711000000| Complete 
|  92|0x0000000711200000, 0x0000000711400000, 0x0000000711400000|100%| E|CS|TAMS 0x0000000711200000| PB 0x0000000711200000| Complete 
|  93|0x0000000711400000, 0x0000000711600000, 0x0000000711600000|100%| E|CS|TAMS 0x0000000711400000| PB 0x0000000711400000| Complete 
|  94|0x0000000711600000, 0x0000000711800000, 0x0000000711800000|100%| E|CS|TAMS 0x0000000711600000| PB 0x0000000711600000| Complete 
|  95|0x0000000711800000, 0x0000000711a00000, 0x0000000711a00000|100%| E|CS|TAMS 0x0000000711800000| PB 0x0000000711800000| Complete 
|  96|0x0000000711a00000, 0x0000000711c00000, 0x0000000711c00000|100%| E|CS|TAMS 0x0000000711a00000| PB 0x0000000711a00000| Complete 
|  97|0x0000000711c00000, 0x0000000711e00000, 0x0000000711e00000|100%| E|CS|TAMS 0x0000000711c00000| PB 0x0000000711c00000| Complete 
|  98|0x0000000711e00000, 0x0000000712000000, 0x0000000712000000|100%| E|CS|TAMS 0x0000000711e00000| PB 0x0000000711e00000| Complete 
|  99|0x0000000712000000, 0x0000000712200000, 0x0000000712200000|100%| E|CS|TAMS 0x0000000712000000| PB 0x0000000712000000| Complete 
| 100|0x0000000712200000, 0x0000000712400000, 0x0000000712400000|100%| E|CS|TAMS 0x0000000712200000| PB 0x0000000712200000| Complete 
| 101|0x0000000712400000, 0x0000000712600000, 0x0000000712600000|100%| E|CS|TAMS 0x0000000712400000| PB 0x0000000712400000| Complete 
| 102|0x0000000712600000, 0x0000000712800000, 0x0000000712800000|100%| E|CS|TAMS 0x0000000712600000| PB 0x0000000712600000| Complete 
| 125|0x0000000715400000, 0x0000000715600000, 0x0000000715600000|100%| E|CS|TAMS 0x0000000715400000| PB 0x0000000715400000| Complete 
|2000|0x00000007ffa00000, 0x00000007ffc00000, 0x00000007ffc00000|100%| O|  |TAMS 0x00000007ffa00000| PB 0x00000007ffa00000| Untracked 
|2001|0x00000007ffc00000, 0x00000007ffe00000, 0x00000007ffe00000|100%| O|  |TAMS 0x00000007ffc00000| PB 0x00000007ffc00000| Untracked 
|2002|0x00000007ffe00000, 0x0000000800000000, 0x0000000800000000|100%| O|  |TAMS 0x00000007ffe00000| PB 0x00000007ffe00000| Untracked 

Card table byte_map: [0x000001a3762f0000,0x000001a376ad0000] _byte_map_base: 0x000001a372ac3000

Marking Bits: (CMBitMap*) 0x000001a3634b2ea0
 Bits: [0x000001a376ad0000, 0x000001a37a968000)

Polling page: 0x000001a362c20000

Metaspace:

Usage:
  Non-class:     62.60 MB used.
      Class:      7.45 MB used.
       Both:     70.05 MB used.

Virtual space:
  Non-class space:       64.00 MB reserved,      62.81 MB ( 98%) committed,  1 nodes.
      Class space:        1.00 GB reserved,       7.56 MB ( <1%) committed,  1 nodes.
             Both:        1.06 GB reserved,      70.38 MB (  6%) committed. 

Chunk freelists:
   Non-Class:  1.20 MB
       Class:  8.38 MB
        Both:  9.58 MB

MaxMetaspaceSize: unlimited
CompressedClassSpaceSize: 1.00 GB
Initial GC threshold: 21.00 MB
Current GC threshold: 115.94 MB
CDS: off
 - commit_granule_bytes: 65536.
 - commit_granule_words: 8192.
 - virtual_space_node_default_size: 8388608.
 - enlarge_chunks_in_place: 1.
 - use_allocation_guard: 0.


Internal statistics:

num_allocs_failed_limit: 6.
num_arena_births: 362.
num_arena_deaths: 0.
num_vsnodes_births: 2.
num_vsnodes_deaths: 0.
num_space_committed: 1126.
num_space_uncommitted: 0.
num_chunks_returned_to_freelist: 6.
num_chunks_taken_from_freelist: 2591.
num_chunk_merges: 3.
num_chunk_splits: 2132.
num_chunks_enlarged: 1931.
num_inconsistent_stats: 0.

CodeHeap 'non-profiled nmethods': size=120000Kb used=5401Kb max_used=5401Kb free=114598Kb
 bounds [0x000001a36e080000, 0x000001a36e5d0000, 0x000001a3755b0000]
CodeHeap 'profiled nmethods': size=120000Kb used=30955Kb max_used=31006Kb free=89044Kb
 bounds [0x000001a3665b0000, 0x000001a368400000, 0x000001a36dae0000]
CodeHeap 'non-nmethods': size=5760Kb used=1777Kb max_used=1815Kb free=3982Kb
 bounds [0x000001a36dae0000, 0x000001a36dd50000, 0x000001a36e080000]
 total_blobs=9525 nmethods=8735 adapters=689
 compilation: enabled
              stopped_count=0, restarted_count=0
 full_count=0

Compilation events (20 events):
Event: 15.233 Thread 0x000001a37d7e5d90 nmethod 9814 0x000001a366fd1890 code [0x000001a366fd1d00, 0x000001a366fd3ab0]
Event: 15.233 Thread 0x000001a37d7e5d90 9810       3       androidx.compose.compiler.plugins.kotlin.lower.ComposableSymbolRemapper$1::isTransformed (68 bytes)
Event: 15.233 Thread 0x000001a37d7e5d90 nmethod 9810 0x000001a366fd0e10 code [0x000001a366fd1040, 0x000001a366fd1700]
Event: 15.233 Thread 0x000001a37d7e5d90 9821       3       org.jetbrains.kotlin.ir.util.DeepCopySymbolRemapper::visitConst (13 bytes)
Event: 15.234 Thread 0x000001a37d7e5d90 nmethod 9821 0x000001a366fd0010 code [0x000001a366fd0260, 0x000001a366fd0b30]
Event: 15.234 Thread 0x000001a37d7e5d90 9822       3       org.jetbrains.kotlin.ir.util.DeepCopySymbolRemapper::visitConst (7 bytes)
Event: 15.234 Thread 0x000001a37d7e5d90 nmethod 9822 0x000001a366fcf410 code [0x000001a366fcf640, 0x000001a366fcfd38]
Event: 15.234 Thread 0x000001a37d7e5d90 9823       3       org.jetbrains.kotlin.ir.util.DeepCopySymbolRemapper::visitConst (6 bytes)
Event: 15.234 Thread 0x000001a37d7e5d90 nmethod 9823 0x000001a366fce890 code [0x000001a366fceac0, 0x000001a366fcf1b8]
Event: 15.234 Thread 0x000001a37d7e5d90 9812       3       org.jetbrains.kotlin.ir.descriptors.IrBasedSimpleFunctionDescriptor::<init> (15 bytes)
Event: 15.236 Thread 0x000001a37d7e5d90 nmethod 9812 0x000001a366fcd090 code [0x000001a366fcd3c0, 0x000001a366fce338]
Event: 15.236 Thread 0x000001a37d7e5d90 9818       3       org.jetbrains.kotlin.ir.expressions.IrGetField::acceptChildren (25 bytes)
Event: 15.236 Thread 0x000001a37d7e5d90 nmethod 9818 0x000001a366fcc490 code [0x000001a366fcc6c0, 0x000001a366fccdb8]
Event: 15.236 Thread 0x000001a37d7e5d90 9819       3       org.jetbrains.kotlin.ir.visitors.IrElementVisitorVoid$DefaultImpls::visitReturn (14 bytes)
Event: 15.236 Thread 0x000001a37d7e5d90 nmethod 9819 0x000001a366fcb990 code [0x000001a366fcbbc0, 0x000001a366fcc228]
Event: 15.236 Thread 0x000001a37d7e5d90 9825       3       org.jetbrains.kotlin.ir.visitors.IrElementVisitorVoid$DefaultImpls::visitGetField (14 bytes)
Event: 15.237 Thread 0x000001a37d7e5d90 nmethod 9825 0x000001a366fcae90 code [0x000001a366fcb0c0, 0x000001a366fcb728]
Event: 15.237 Thread 0x000001a37d7e5d90 9826       3       org.jetbrains.kotlin.ir.expressions.IrContainerExpression::acceptChildren (70 bytes)
Event: 15.237 Thread 0x000001a37d7e5d90 nmethod 9826 0x000001a366fc9b90 code [0x000001a366fc9e40, 0x000001a366fcaae0]
Event: 15.237 Thread 0x000001a37d7e5d90 9827       3       org.jetbrains.kotlin.ir.util.DeepCopySymbolRemapper::visitValueAccess (6 bytes)

GC Heap History (20 events):
Event: 4.594 GC heap before
{Heap before GC invocations=12 (full 0):
 garbage-first heap   total 96256K, used 77824K [0x0000000705a00000, 0x0000000800000000)
  region size 2048K, 15 young (30720K), 3 survivors (6144K)
 Metaspace       used 49570K, committed 49856K, reserved 1114112K
  class space    used 5630K, committed 5760K, reserved 1048576K
}
Event: 4.605 GC heap after
{Heap after GC invocations=13 (full 0):
 garbage-first heap   total 141312K, used 59206K [0x0000000705a00000, 0x0000000800000000)
  region size 2048K, 2 young (4096K), 2 survivors (4096K)
 Metaspace       used 49570K, committed 49856K, reserved 1114112K
  class space    used 5630K, committed 5760K, reserved 1048576K
}
Event: 4.855 GC heap before
{Heap before GC invocations=14 (full 0):
 garbage-first heap   total 141312K, used 108358K [0x0000000705a00000, 0x0000000800000000)
  region size 2048K, 26 young (53248K), 2 survivors (4096K)
 Metaspace       used 49571K, committed 49856K, reserved 1114112K
  class space    used 5630K, committed 5760K, reserved 1048576K
}
Event: 4.865 GC heap after
{Heap after GC invocations=15 (full 0):
 garbage-first heap   total 141312K, used 71250K [0x0000000705a00000, 0x0000000800000000)
  region size 2048K, 4 young (8192K), 4 survivors (8192K)
 Metaspace       used 49571K, committed 49856K, reserved 1114112K
  class space    used 5630K, committed 5760K, reserved 1048576K
}
Event: 5.357 GC heap before
{Heap before GC invocations=15 (full 0):
 garbage-first heap   total 141312K, used 114258K [0x0000000705a00000, 0x0000000800000000)
  region size 2048K, 25 young (51200K), 4 survivors (8192K)
 Metaspace       used 52251K, committed 52544K, reserved 1114112K
  class space    used 5945K, committed 6080K, reserved 1048576K
}
Event: 5.372 GC heap after
{Heap after GC invocations=16 (full 0):
 garbage-first heap   total 141312K, used 80861K [0x0000000705a00000, 0x0000000800000000)
  region size 2048K, 4 young (8192K), 4 survivors (8192K)
 Metaspace       used 52251K, committed 52544K, reserved 1114112K
  class space    used 5945K, committed 6080K, reserved 1048576K
}
Event: 6.365 GC heap before
{Heap before GC invocations=16 (full 0):
 garbage-first heap   total 141312K, used 115677K [0x0000000705a00000, 0x0000000800000000)
  region size 2048K, 21 young (43008K), 4 survivors (8192K)
 Metaspace       used 53891K, committed 54208K, reserved 1114112K
  class space    used 6149K, committed 6272K, reserved 1048576K
}
Event: 6.386 GC heap after
{Heap after GC invocations=17 (full 0):
 garbage-first heap   total 141312K, used 89088K [0x0000000705a00000, 0x0000000800000000)
  region size 2048K, 3 young (6144K), 3 survivors (6144K)
 Metaspace       used 53891K, committed 54208K, reserved 1114112K
  class space    used 6149K, committed 6272K, reserved 1048576K
}
Event: 7.654 GC heap before
{Heap before GC invocations=18 (full 0):
 garbage-first heap   total 151552K, used 119808K [0x0000000705a00000, 0x0000000800000000)
  region size 2048K, 18 young (36864K), 3 survivors (6144K)
 Metaspace       used 55213K, committed 55552K, reserved 1114112K
  class space    used 6242K, committed 6400K, reserved 1048576K
}
Event: 7.669 GC heap after
{Heap after GC invocations=19 (full 0):
 garbage-first heap   total 151552K, used 95312K [0x0000000705a00000, 0x0000000800000000)
  region size 2048K, 3 young (6144K), 3 survivors (6144K)
 Metaspace       used 55213K, committed 55552K, reserved 1114112K
  class space    used 6242K, committed 6400K, reserved 1048576K
}
Event: 8.725 GC heap before
{Heap before GC invocations=19 (full 0):
 garbage-first heap   total 151552K, used 130128K [0x0000000705a00000, 0x0000000800000000)
  region size 2048K, 20 young (40960K), 3 survivors (6144K)
 Metaspace       used 56360K, committed 56640K, reserved 1114112K
  class space    used 6311K, committed 6464K, reserved 1048576K
}
Event: 8.743 GC heap after
{Heap after GC invocations=20 (full 0):
 garbage-first heap   total 151552K, used 102400K [0x0000000705a00000, 0x0000000800000000)
  region size 2048K, 3 young (6144K), 3 survivors (6144K)
 Metaspace       used 56360K, committed 56640K, reserved 1114112K
  class space    used 6311K, committed 6464K, reserved 1048576K
}
Event: 9.592 GC heap before
{Heap before GC invocations=20 (full 0):
 garbage-first heap   total 151552K, used 133120K [0x0000000705a00000, 0x0000000800000000)
  region size 2048K, 18 young (36864K), 3 survivors (6144K)
 Metaspace       used 59176K, committed 59520K, reserved 1114112K
  class space    used 6570K, committed 6720K, reserved 1048576K
}
Event: 9.607 GC heap after
{Heap after GC invocations=21 (full 0):
 garbage-first heap   total 184320K, used 107833K [0x0000000705a00000, 0x0000000800000000)
  region size 2048K, 3 young (6144K), 3 survivors (6144K)
 Metaspace       used 59176K, committed 59520K, reserved 1114112K
  class space    used 6570K, committed 6720K, reserved 1048576K
}
Event: 11.304 GC heap before
{Heap before GC invocations=22 (full 0):
 garbage-first heap   total 184320K, used 154937K [0x0000000705a00000, 0x0000000800000000)
  region size 2048K, 26 young (53248K), 3 survivors (6144K)
 Metaspace       used 60500K, committed 60864K, reserved 1114112K
  class space    used 6637K, committed 6784K, reserved 1048576K
}
Event: 11.324 GC heap after
{Heap after GC invocations=23 (full 0):
 garbage-first heap   total 184320K, used 119101K [0x0000000705a00000, 0x0000000800000000)
  region size 2048K, 4 young (8192K), 4 survivors (8192K)
 Metaspace       used 60500K, committed 60864K, reserved 1114112K
  class space    used 6637K, committed 6784K, reserved 1048576K
}
Event: 12.730 GC heap before
{Heap before GC invocations=23 (full 0):
 garbage-first heap   total 184320K, used 158013K [0x0000000705a00000, 0x0000000800000000)
  region size 2048K, 23 young (47104K), 4 survivors (8192K)
 Metaspace       used 67064K, committed 67328K, reserved 1114112K
  class space    used 7242K, committed 7360K, reserved 1048576K
}
Event: 12.751 GC heap after
{Heap after GC invocations=24 (full 0):
 garbage-first heap   total 184320K, used 123718K [0x0000000705a00000, 0x0000000800000000)
  region size 2048K, 3 young (6144K), 3 survivors (6144K)
 Metaspace       used 67064K, committed 67328K, reserved 1114112K
  class space    used 7242K, committed 7360K, reserved 1048576K
}
Event: 14.593 GC heap before
{Heap before GC invocations=24 (full 0):
 garbage-first heap   total 184320K, used 160582K [0x0000000705a00000, 0x0000000800000000)
  region size 2048K, 21 young (43008K), 3 survivors (6144K)
 Metaspace       used 70487K, committed 70848K, reserved 1114112K
  class space    used 7492K, committed 7616K, reserved 1048576K
}
Event: 14.607 GC heap after
{Heap after GC invocations=25 (full 0):
 garbage-first heap   total 184320K, used 129297K [0x0000000705a00000, 0x0000000800000000)
  region size 2048K, 3 young (6144K), 3 survivors (6144K)
 Metaspace       used 70487K, committed 70848K, reserved 1114112K
  class space    used 7492K, committed 7616K, reserved 1048576K
}

Dll operation events (3 events):
Event: 0.013 Loaded shared library C:\Users\aleandivanov\AppData\Local\Programs\Android Studio\jbr\bin\java.dll
Event: 0.024 Loaded shared library C:\Users\aleandivanov\AppData\Local\Programs\Android Studio\jbr\bin\zip.dll
Event: 1.386 Loaded shared library C:\Users\aleandivanov\AppData\Local\Programs\Android Studio\jbr\bin\verify.dll

Deoptimization events (20 events):
Event: 14.779 Thread 0x000001a361221880 Uncommon trap: trap_request=0xffffffde fr.pc=0x000001a36e1fa6f4 relative=0x0000000000000214
Event: 14.779 Thread 0x000001a361221880 Uncommon trap: reason=class_check action=maybe_recompile pc=0x000001a36e1fa6f4 method=java.util.regex.Pattern$BmpCharProperty.match(Ljava/util/regex/Matcher;ILjava/lang/CharSequence;)Z @ 19 c2
Event: 14.779 Thread 0x000001a361221880 DEOPT PACKING pc=0x000001a36e1fa6f4 sp=0x00000049313f9dc0
Event: 14.779 Thread 0x000001a361221880 DEOPT UNPACKING pc=0x000001a36db346a2 sp=0x00000049313f9d58 mode 2
Event: 14.779 Thread 0x000001a361221880 Uncommon trap: trap_request=0xffffffde fr.pc=0x000001a36e1fa6f4 relative=0x0000000000000214
Event: 14.779 Thread 0x000001a361221880 Uncommon trap: reason=class_check action=maybe_recompile pc=0x000001a36e1fa6f4 method=java.util.regex.Pattern$BmpCharProperty.match(Ljava/util/regex/Matcher;ILjava/lang/CharSequence;)Z @ 19 c2
Event: 14.779 Thread 0x000001a361221880 DEOPT PACKING pc=0x000001a36e1fa6f4 sp=0x00000049313f9dc0
Event: 14.779 Thread 0x000001a361221880 DEOPT UNPACKING pc=0x000001a36db346a2 sp=0x00000049313f9d58 mode 2
Event: 14.823 Thread 0x000001a361221880 Uncommon trap: trap_request=0xffffff45 fr.pc=0x000001a36e56913c relative=0x00000000000000fc
Event: 14.823 Thread 0x000001a361221880 Uncommon trap: reason=unstable_if action=reinterpret pc=0x000001a36e56913c method=java.lang.StrictMath.floorOrCeil(DDDD)D @ 14 c2
Event: 14.823 Thread 0x000001a361221880 DEOPT PACKING pc=0x000001a36e56913c sp=0x00000049313fb510
Event: 14.823 Thread 0x000001a361221880 DEOPT UNPACKING pc=0x000001a36db346a2 sp=0x00000049313fb3d0 mode 2
Event: 14.970 Thread 0x000001a361221880 Uncommon trap: trap_request=0xffffff45 fr.pc=0x000001a36e5695b4 relative=0x00000000000000f4
Event: 14.970 Thread 0x000001a361221880 Uncommon trap: reason=unstable_if action=reinterpret pc=0x000001a36e5695b4 method=java.lang.StrictMath.floorOrCeil(DDDD)D @ 14 c2
Event: 14.970 Thread 0x000001a361221880 DEOPT PACKING pc=0x000001a36e5695b4 sp=0x00000049313f9320
Event: 14.970 Thread 0x000001a361221880 DEOPT UNPACKING pc=0x000001a36db346a2 sp=0x00000049313f9288 mode 2
Event: 15.162 Thread 0x000001a361221880 Uncommon trap: trap_request=0xffffff45 fr.pc=0x000001a36e2c75b0 relative=0x00000000000004f0
Event: 15.162 Thread 0x000001a361221880 Uncommon trap: reason=unstable_if action=reinterpret pc=0x000001a36e2c75b0 method=org.jetbrains.kotlin.metadata.ProtoBuf$Type.hasOuterType()Z @ 11 c2
Event: 15.162 Thread 0x000001a361221880 DEOPT PACKING pc=0x000001a36e2c75b0 sp=0x00000049313f3330
Event: 15.162 Thread 0x000001a361221880 DEOPT UNPACKING pc=0x000001a36db346a2 sp=0x00000049313f3208 mode 2

Classes loaded (20 events):
Event: 11.619 Loading class java/util/ServiceLoader$Provider done
Event: 11.619 Loading class java/util/ServiceLoader$ProviderImpl done
Event: 12.211 Loading class java/util/regex/Pattern$StartS
Event: 12.211 Loading class java/util/regex/Pattern$StartS done
Event: 13.955 Loading class java/lang/Short$ShortCache
Event: 13.955 Loading class java/lang/Short$ShortCache done
Event: 14.690 Loading class java/util/Formatter
Event: 14.690 Loading class java/util/Formatter done
Event: 14.691 Loading class java/util/Formatter$FixedString
Event: 14.691 Loading class java/util/Formatter$FormatString
Event: 14.691 Loading class java/util/Formatter$FormatString done
Event: 14.691 Loading class java/util/Formatter$FixedString done
Event: 14.691 Loading class java/util/Formatter$Conversion
Event: 14.691 Loading class java/util/Formatter$Conversion done
Event: 14.691 Loading class java/util/Formatter$FormatSpecifier
Event: 14.693 Loading class java/util/Formatter$FormatSpecifier done
Event: 14.693 Loading class java/util/Formattable
Event: 14.693 Loading class java/util/Formattable done
Event: 14.693 Loading class java/util/Formatter$Flags
Event: 14.693 Loading class java/util/Formatter$Flags done

Classes unloaded (0 events):
No events

Classes redefined (0 events):
No events

Internal exceptions (20 events):
Event: 10.224 Thread 0x000001a361221880 Exception <a 'java/lang/NoSuchMethodError'{0x000000070fa05ea8}: 'java.lang.Object java.lang.invoke.DirectMethodHandle$Holder.invokeSpecial(java.lang.Object, java.lang.Object, java.lang.Object, int, java.lang.Object, java.lang.Object, java.lang.Object)'> (0x000000070fa05ea8) 
thrown [s\src\hotspot\share\interpreter\linkResolver.cpp, line 784]
Event: 10.224 Thread 0x000001a361221880 Exception <a 'java/lang/NoSuchMethodError'{0x000000070fa09520}: 'java.lang.Object java.lang.invoke.Invokers$Holder.linkToTargetMethod(java.lang.Object, int, java.lang.Object, java.lang.Object, java.lang.Object, java.lang.Object)'> (0x000000070fa09520) 
thrown [s\src\hotspot\share\interpreter\linkResolver.cpp, line 784]
Event: 10.357 Thread 0x000001a361221880 Exception <a 'java/lang/NoSuchMethodError'{0x000000070f966508}: 'java.lang.Object java.lang.invoke.DirectMethodHandle$Holder.newInvokeSpecial(java.lang.Object, java.lang.Object, java.lang.Object, java.lang.Object, java.lang.Object, java.lang.Object, int)'> (0x000000070f966508) 
thrown [s\src\hotspot\share\interpreter\linkResolver.cpp, line 784]
Event: 10.358 Thread 0x000001a361221880 Exception <a 'java/lang/NoSuchMethodError'{0x000000070f96ab68}: 'java.lang.Object java.lang.invoke.DirectMethodHandle$Holder.invokeSpecial(java.lang.Object, java.lang.Object, java.lang.Object, java.lang.Object, java.lang.Object, java.lang.Object, java.lang.Object, int)'> (0x000000070f96ab68) 
thrown [s\src\hotspot\share\interpreter\linkResolver.cpp, line 784]
Event: 10.359 Thread 0x000001a361221880 Exception <a 'java/lang/NoSuchMethodError'{0x000000070f96ed18}: 'java.lang.Object java.lang.invoke.Invokers$Holder.linkToTargetMethod(java.lang.Object, java.lang.Object, java.lang.Object, java.lang.Object, java.lang.Object, int, java.lang.Object)'> (0x000000070f96ed18) 
thrown [s\src\hotspot\share\interpreter\linkResolver.cpp, line 784]
Event: 11.755 Thread 0x000001a361221880 Implicit null exception at 0x000001a36e1ab822 to 0x000001a36e1abb4c
Event: 11.760 Thread 0x000001a361221880 Implicit null exception at 0x000001a36e1ac6a2 to 0x000001a36e1ac9cc
Event: 12.123 Thread 0x000001a361221880 Exception <a 'java/lang/NoSuchMethodError'{0x000000070ef79da8}: 'java.lang.Object java.lang.invoke.DirectMethodHandle$Holder.newInvokeSpecial(java.lang.Object, java.lang.Object, java.lang.Object, java.lang.Object, java.lang.Object, java.lang.Object, java.lang.Object, java.lang.Object, int)'> (0x000000070ef79da8) 
thrown [s\src\hotspot\share\interpreter\linkResolver.cpp, line 784]
Event: 12.123 Thread 0x000001a361221880 Exception <a 'java/lang/NoSuchMethodError'{0x000000070ef7eb98}: 'java.lang.Object java.lang.invoke.DirectMethodHandle$Holder.invokeSpecial(java.lang.Object, java.lang.Object, java.lang.Object, java.lang.Object, java.lang.Object, java.lang.Object, java.lang.Object, java.lang.Object, java.lang.Object, int)'> (0x000000070ef7eb98) 
thrown [s\src\hotspot\share\interpreter\linkResolver.cpp, line 784]
Event: 12.170 Thread 0x000001a361221880 Exception <a 'java/lang/NoSuchMethodError'{0x000000070ec88060}: 'java.lang.Object java.lang.invoke.DirectMethodHandle$Holder.invokeStatic(java.lang.Object, java.lang.Object, int, int)'> (0x000000070ec88060) 
thrown [s\src\hotspot\share\interpreter\linkResolver.cpp, line 784]
Event: 12.171 Thread 0x000001a361221880 Exception <a 'java/lang/NoSuchMethodError'{0x000000070ec8f5d8}: 'java.lang.Object java.lang.invoke.DirectMethodHandle$Holder.newInvokeSpecial(java.lang.Object, java.lang.Object, int, int)'> (0x000000070ec8f5d8) 
thrown [s\src\hotspot\share\interpreter\linkResolver.cpp, line 784]
Event: 12.172 Thread 0x000001a361221880 Exception <a 'java/lang/NoSuchMethodError'{0x000000070ec94120}: 'java.lang.Object java.lang.invoke.DirectMethodHandle$Holder.invokeSpecial(java.lang.Object, java.lang.Object, java.lang.Object, int, int)'> (0x000000070ec94120) 
thrown [s\src\hotspot\share\interpreter\linkResolver.cpp, line 784]
Event: 12.172 Thread 0x000001a361221880 Exception <a 'java/lang/NoSuchMethodError'{0x000000070ec98550}: 'java.lang.Object java.lang.invoke.Invokers$Holder.linkToTargetMethod(java.lang.Object, int, int, java.lang.Object)'> (0x000000070ec98550) 
thrown [s\src\hotspot\share\interpreter\linkResolver.cpp, line 784]
Event: 12.223 Thread 0x000001a361221880 Exception <a 'java/lang/NoSuchMethodError'{0x000000070ed3ac00}: 'java.lang.Object java.lang.invoke.DirectMethodHandle$Holder.newInvokeSpecial(java.lang.Object, java.lang.Object, java.lang.Object, java.lang.Object, java.lang.Object, java.lang.Object, java.lang.Object, int)'> (0x000000070ed3ac00) 
thrown [s\src\hotspot\share\interpreter\linkResolver.cpp, line 784]
Event: 12.223 Thread 0x000001a361221880 Exception <a 'java/lang/NoSuchMethodError'{0x000000070ed3f2b0}: 'java.lang.Object java.lang.invoke.DirectMethodHandle$Holder.invokeSpecial(java.lang.Object, java.lang.Object, java.lang.Object, java.lang.Object, java.lang.Object, java.lang.Object, java.lang.Object, java.lang.Object, int)'> (0x000000070ed3f2b0) 
thrown [s\src\hotspot\share\interpreter\linkResolver.cpp, line 784]
Event: 12.224 Thread 0x000001a361221880 Exception <a 'java/lang/NoSuchMethodError'{0x000000070ed431d8}: 'java.lang.Object java.lang.invoke.Invokers$Holder.linkToTargetMethod(java.lang.Object, java.lang.Object, java.lang.Object, java.lang.Object, java.lang.Object, java.lang.Object, int, java.lang.Object)'> (0x000000070ed431d8) 
thrown [s\src\hotspot\share\interpreter\linkResolver.cpp, line 784]
Event: 14.461 Thread 0x000001a361221880 Exception <a 'java/lang/NoSuchMethodError'{0x000000070e9e3898}: 'java.lang.Object java.lang.invoke.DirectMethodHandle$Holder.invokeStatic(java.lang.Object, java.lang.Object, int, java.lang.Object, java.lang.Object)'> (0x000000070e9e3898) 
thrown [s\src\hotspot\share\interpreter\linkResolver.cpp, line 784]
Event: 14.462 Thread 0x000001a361221880 Exception <a 'java/lang/NoSuchMethodError'{0x000000070e9eac68}: 'java.lang.Object java.lang.invoke.DirectMethodHandle$Holder.newInvokeSpecial(java.lang.Object, java.lang.Object, int, java.lang.Object, java.lang.Object)'> (0x000000070e9eac68) 
thrown [s\src\hotspot\share\interpreter\linkResolver.cpp, line 784]
Event: 14.463 Thread 0x000001a361221880 Exception <a 'java/lang/NoSuchMethodError'{0x000000070e9ef1d0}: 'java.lang.Object java.lang.invoke.DirectMethodHandle$Holder.invokeSpecial(java.lang.Object, java.lang.Object, java.lang.Object, int, java.lang.Object, java.lang.Object)'> (0x000000070e9ef1d0) 
thrown [s\src\hotspot\share\interpreter\linkResolver.cpp, line 784]
Event: 14.464 Thread 0x000001a361221880 Exception <a 'java/lang/NoSuchMethodError'{0x000000070e9f2cc8}: 'java.lang.Object java.lang.invoke.Invokers$Holder.linkToTargetMethod(java.lang.Object, int, java.lang.Object, java.lang.Object, java.lang.Object)'> (0x000000070e9f2cc8) 
thrown [s\src\hotspot\share\interpreter\linkResolver.cpp, line 784]

ZGC Phase Switch (0 events):
No events

VM Operations (20 events):
Event: 14.392 Executing VM operation: ICBufferFull
Event: 14.392 Executing VM operation: ICBufferFull done
Event: 14.419 Executing VM operation: HandshakeAllThreads (Deoptimize)
Event: 14.419 Executing VM operation: HandshakeAllThreads (Deoptimize) done
Event: 14.544 Executing VM operation: HandshakeAllThreads (Deoptimize)
Event: 14.544 Executing VM operation: HandshakeAllThreads (Deoptimize) done
Event: 14.592 Executing VM operation: HandshakeAllThreads (Deoptimize)
Event: 14.592 Executing VM operation: HandshakeAllThreads (Deoptimize) done
Event: 14.592 Executing VM operation: G1CollectForAllocation (G1 Evacuation Pause)
Event: 14.607 Executing VM operation: G1CollectForAllocation (G1 Evacuation Pause) done
Event: 14.702 Executing VM operation: G1PauseRemark
Event: 14.714 Executing VM operation: G1PauseRemark done
Event: 14.749 Executing VM operation: HandshakeAllThreads (Deoptimize)
Event: 14.749 Executing VM operation: HandshakeAllThreads (Deoptimize) done
Event: 14.764 Executing VM operation: G1PauseCleanup
Event: 14.764 Executing VM operation: G1PauseCleanup done
Event: 15.112 Executing VM operation: ICBufferFull
Event: 15.113 Executing VM operation: ICBufferFull done
Event: 15.221 Executing VM operation: HandshakeAllThreads (Deoptimize)
Event: 15.221 Executing VM operation: HandshakeAllThreads (Deoptimize) done

Memory protections (0 events):
No events

Nmethod flushes (20 events):
Event: 14.712 Thread 0x000001a37d60ee90 flushing  nmethod 0x000001a366c73b10
Event: 14.712 Thread 0x000001a37d60ee90 flushing  nmethod 0x000001a366c74590
Event: 14.712 Thread 0x000001a37d60ee90 flushing  nmethod 0x000001a366d7cf10
Event: 14.712 Thread 0x000001a37d60ee90 flushing  nmethod 0x000001a366deb310
Event: 14.712 Thread 0x000001a37d60ee90 flushing  nmethod 0x000001a366df0610
Event: 14.712 Thread 0x000001a37d60ee90 flushing  nmethod 0x000001a366e36010
Event: 14.712 Thread 0x000001a37d60ee90 flushing  nmethod 0x000001a366ed7510
Event: 14.712 Thread 0x000001a37d60ee90 flushing  nmethod 0x000001a366edbc10
Event: 14.712 Thread 0x000001a37d60ee90 flushing  nmethod 0x000001a366ee7210
Event: 14.712 Thread 0x000001a37d60ee90 flushing  nmethod 0x000001a366f29690
Event: 14.712 Thread 0x000001a37d60ee90 flushing  nmethod 0x000001a366f38690
Event: 14.712 Thread 0x000001a37d60ee90 flushing  nmethod 0x000001a366f3e710
Event: 14.712 Thread 0x000001a37d60ee90 flushing  nmethod 0x000001a36720a210
Event: 14.712 Thread 0x000001a37d60ee90 flushing  nmethod 0x000001a36721cc10
Event: 14.712 Thread 0x000001a37d60ee90 flushing  nmethod 0x000001a3673e5a90
Event: 14.712 Thread 0x000001a37d60ee90 flushing  nmethod 0x000001a3673f6c10
Event: 14.712 Thread 0x000001a37d60ee90 flushing  nmethod 0x000001a3673f7490
Event: 14.712 Thread 0x000001a37d60ee90 flushing  nmethod 0x000001a36749c390
Event: 14.712 Thread 0x000001a37d60ee90 flushing  nmethod 0x000001a3674b0690
Event: 14.712 Thread 0x000001a37d60ee90 flushing  nmethod 0x000001a3677edf90

Events (20 events):
Event: 0.287 Loaded shared library C:\Users\aleandivanov\AppData\Local\Programs\Android Studio\jbr\bin\jimage.dll
Event: 0.662 Thread 0x000001a37d9f8a20 Thread exited: 0x000001a37d9f8a20
Event: 1.476 Thread 0x000001a37d7e5d90 Thread added: 0x000001a37e778370
Event: 2.097 Thread 0x000001a37e778370 Thread exited: 0x000001a37e778370
Event: 2.512 Thread 0x000001a37d9f8380 Thread exited: 0x000001a37d9f8380
Event: 2.865 Thread 0x000001a37d7e5d90 Thread added: 0x000001a305d72820
Event: 2.888 Thread 0x000001a305d72820 Thread added: 0x000001a3069d40e0
Event: 3.136 Thread 0x000001a3069d40e0 Thread exited: 0x000001a3069d40e0
Event: 3.788 Thread 0x000001a37d7e5d90 Thread added: 0x000001a304bb8870
Event: 7.075 Thread 0x000001a304bb8870 Thread exited: 0x000001a304bb8870
Event: 7.168 Thread 0x000001a305d72820 Thread exited: 0x000001a305d72820
Event: 8.199 Thread 0x000001a37d7e5d90 Thread added: 0x000001a307591590
Event: 9.072 Thread 0x000001a307591590 Thread exited: 0x000001a307591590
Event: 9.228 Thread 0x000001a37d7e5d90 Thread added: 0x000001a30758fa50
Event: 12.080 Thread 0x000001a30758fa50 Thread exited: 0x000001a30758fa50
Event: 12.627 Thread 0x000001a37d7e5d90 Thread added: 0x000001a30758fa50
Event: 13.237 Thread 0x000001a30758fa50 Thread exited: 0x000001a30758fa50
Event: 13.288 Thread 0x000001a37d7e5d90 Thread added: 0x000001a30758fa50
Event: 13.738 Thread 0x000001a30758fa50 Thread exited: 0x000001a30758fa50
Event: 14.120 Thread 0x000001a37d7e5d90 Thread added: 0x000001a37e8d81c0


Dynamic libraries:
0x00007ff6a3ff0000 - 0x00007ff6a3ffa000 	C:\Users\aleandivanov\AppData\Local\Programs\Android Studio\jbr\bin\java.exe
0x00007ffc25770000 - 0x00007ffc25968000 	C:\Windows\SYSTEM32\ntdll.dll
0x00007ffc23b90000 - 0x00007ffc23c52000 	C:\Windows\System32\KERNEL32.DLL
0x00007ffc23460000 - 0x00007ffc23756000 	C:\Windows\System32\KERNELBASE.dll
0x00007ffc22f20000 - 0x00007ffc23020000 	C:\Windows\System32\ucrtbase.dll
0x00007ffbfc650000 - 0x00007ffbfc66b000 	C:\Users\aleandivanov\AppData\Local\Programs\Android Studio\jbr\bin\VCRUNTIME140.dll
0x00007ffbf48d0000 - 0x00007ffbf48e8000 	C:\Users\aleandivanov\AppData\Local\Programs\Android Studio\jbr\bin\jli.dll
0x00007ffc23760000 - 0x00007ffc238fd000 	C:\Windows\System32\USER32.dll
0x00007ffc222a0000 - 0x00007ffc2253a000 	C:\Windows\WinSxS\amd64_microsoft.windows.common-controls_6595b64144ccf1df_6.0.19041.4355_none_60b8b9eb71f62e16\COMCTL32.dll
0x00007ffc231b0000 - 0x00007ffc231d2000 	C:\Windows\System32\win32u.dll
0x00007ffc24f60000 - 0x00007ffc24ffe000 	C:\Windows\System32\msvcrt.dll
0x00007ffc23d50000 - 0x00007ffc23d7b000 	C:\Windows\System32\GDI32.dll
0x00007ffc231e0000 - 0x00007ffc232fa000 	C:\Windows\System32\gdi32full.dll
0x00007ffc22e00000 - 0x00007ffc22e9d000 	C:\Windows\System32\msvcp_win.dll
0x00007ffc23d20000 - 0x00007ffc23d4f000 	C:\Windows\System32\IMM32.DLL
0x00007ffc19bb0000 - 0x00007ffc19bbc000 	C:\Users\aleandivanov\AppData\Local\Programs\Android Studio\jbr\bin\vcruntime140_1.dll
0x00007ffbeb7a0000 - 0x00007ffbeb82d000 	C:\Users\aleandivanov\AppData\Local\Programs\Android Studio\jbr\bin\msvcp140.dll
0x00007ffbb3e20000 - 0x00007ffbb4aab000 	C:\Users\aleandivanov\AppData\Local\Programs\Android Studio\jbr\bin\server\jvm.dll
0x00007ffc253c0000 - 0x00007ffc2546f000 	C:\Windows\System32\ADVAPI32.dll
0x00007ffc23d80000 - 0x00007ffc23e1f000 	C:\Windows\System32\sechost.dll
0x00007ffc24e30000 - 0x00007ffc24f53000 	C:\Windows\System32\RPCRT4.dll
0x00007ffc22dd0000 - 0x00007ffc22df7000 	C:\Windows\System32\bcrypt.dll
0x00007ffc24cb0000 - 0x00007ffc24d1b000 	C:\Windows\System32\WS2_32.dll
0x00007ffc22940000 - 0x00007ffc2298b000 	C:\Windows\SYSTEM32\POWRPROF.dll
0x00007ffc1ef10000 - 0x00007ffc1ef37000 	C:\Windows\SYSTEM32\WINMM.dll
0x00007ffc1fc80000 - 0x00007ffc1fc8a000 	C:\Windows\SYSTEM32\VERSION.dll
0x00007ffc226f0000 - 0x00007ffc22702000 	C:\Windows\SYSTEM32\UMPDC.dll
0x00007ffc205b0000 - 0x00007ffc205c2000 	C:\Windows\SYSTEM32\kernel.appcore.dll
0x00007ffc19b80000 - 0x00007ffc19b8a000 	C:\Users\aleandivanov\AppData\Local\Programs\Android Studio\jbr\bin\jimage.dll
0x00007ffc22750000 - 0x00007ffc22934000 	C:\Windows\SYSTEM32\DBGHELP.DLL
0x00007ffbfad20000 - 0x00007ffbfad54000 	C:\Windows\SYSTEM32\dbgcore.DLL
0x00007ffc23120000 - 0x00007ffc231a2000 	C:\Windows\System32\bcryptPrimitives.dll
0x00007ffbfa4e0000 - 0x00007ffbfa500000 	C:\Users\aleandivanov\AppData\Local\Programs\Android Studio\jbr\bin\java.dll
0x00007ffbf83a0000 - 0x00007ffbf83b8000 	C:\Users\aleandivanov\AppData\Local\Programs\Android Studio\jbr\bin\zip.dll
0x00007ffc24430000 - 0x00007ffc24b9f000 	C:\Windows\System32\SHELL32.dll
0x00007ffc1fe00000 - 0x00007ffc205a3000 	C:\Windows\SYSTEM32\windows.storage.dll
0x00007ffc25060000 - 0x00007ffc253b5000 	C:\Windows\System32\combase.dll
0x00007ffc21ff0000 - 0x00007ffc2201b000 	C:\Windows\SYSTEM32\Wldp.dll
0x00007ffc23ab0000 - 0x00007ffc23b7d000 	C:\Windows\System32\OLEAUT32.dll
0x00007ffc23c70000 - 0x00007ffc23d1d000 	C:\Windows\System32\SHCORE.dll
0x00007ffc24dd0000 - 0x00007ffc24e25000 	C:\Windows\System32\shlwapi.dll
0x00007ffc22d00000 - 0x00007ffc22d25000 	C:\Windows\SYSTEM32\profapi.dll
0x00007ffc15e50000 - 0x00007ffc15e60000 	C:\Users\aleandivanov\AppData\Local\Programs\Android Studio\jbr\bin\net.dll
0x00007ffc1d950000 - 0x00007ffc1da5a000 	C:\Windows\SYSTEM32\WINHTTP.dll
0x00007ffc21d90000 - 0x00007ffc21dfc000 	C:\Windows\system32\mswsock.dll
0x00007ffbf70e0000 - 0x00007ffbf70f6000 	C:\Users\aleandivanov\AppData\Local\Programs\Android Studio\jbr\bin\nio.dll
0x00007ffbfc400000 - 0x00007ffbfc410000 	C:\Users\aleandivanov\AppData\Local\Programs\Android Studio\jbr\bin\verify.dll

dbghelp: loaded successfully - version: 4.0.5 - missing functions: none
symbol engine: initialized successfully - sym options: 0x614 - pdb path: .;C:\Users\aleandivanov\AppData\Local\Programs\Android Studio\jbr\bin;C:\Windows\SYSTEM32;C:\Windows\WinSxS\amd64_microsoft.windows.common-controls_6595b64144ccf1df_6.0.19041.4355_none_60b8b9eb71f62e16;C:\Users\aleandivanov\AppData\Local\Programs\Android Studio\jbr\bin\server

VM Arguments:
java_command: org.jetbrains.kotlin.cli.jvm.K2JVMCompiler @C:\Users\aleandivanov\Desktop\VKR\VetochkaAdmin\app\build\20250523_4478557869521978891.compiler.options
java_class_path (initial): C:\Users\aleandivanov\.gradle\caches\modules-2\files-2.1\org.jetbrains.kotlin\kotlin-compiler-embeddable\2.0.21\79346ed53db48b18312a472602eb5c057070c54d\kotlin-compiler-embeddable-2.0.21.jar;C:\Users\aleandivanov\.gradle\caches\modules-2\files-2.1\org.jetbrains.kotlin\kotlin-stdlib\2.0.21\618b539767b4899b4660a83006e052b63f1db551\kotlin-stdlib-2.0.21.jar;C:\Users\aleandivanov\.gradle\caches\modules-2\files-2.1\org.jetbrains.kotlin\kotlin-script-runtime\2.0.21\c9b044380ad41f89aa89aa896c2d32a8c0b2129d\kotlin-script-runtime-2.0.21.jar;C:\Users\aleandivanov\.gradle\caches\modules-2\files-2.1\org.jetbrains.kotlin\kotlin-reflect\1.6.10\1cbe9c92c12a94eea200d23c2bbaedaf3daf5132\kotlin-reflect-1.6.10.jar;C:\Users\aleandivanov\.gradle\caches\modules-2\files-2.1\org.jetbrains.kotlin\kotlin-daemon-embeddable\2.0.21\c9e933b23287de9b5a17e2116b4657bb91aea72c\kotlin-daemon-embeddable-2.0.21.jar;C:\Users\aleandivanov\.gradle\caches\modules-2\files-2.1\org.jetbrains.intellij.deps\trove4j\1.0.20200330\3afb14d5f9ceb459d724e907a21145e8ff394f02\trove4j-1.0.20200330.jar;C:\Users\aleandivanov\.gradle\caches\modules-2\files-2.1\org.jetbrains.kotlinx\kotlinx-coroutines-core-jvm\1.6.4\2c997cd1c0ef33f3e751d3831929aeff1390cb30\kotlinx-coroutines-core-jvm-1.6.4.jar;C:\Users\aleandivanov\.gradle\caches\modules-2\files-2.1\org.jetbrains\annotations\13.0\919f0dfe192fb4e063e7dacadee7f8bb9a2672a9\annotations-13.0.jar
Launcher Type: SUN_STANDARD

[Global flags]
     intx CICompilerCount                          = 4                                         {product} {ergonomic}
     uint ConcGCThreads                            = 3                                         {product} {ergonomic}
     uint G1ConcRefinementThreads                  = 10                                        {product} {ergonomic}
   size_t G1HeapRegionSize                         = 2097152                                   {product} {ergonomic}
    uintx GCDrainStackTargetSize                   = 64                                        {product} {ergonomic}
   size_t InitialHeapSize                          = 264241152                                 {product} {ergonomic}
   size_t MarkStackSize                            = 4194304                                   {product} {ergonomic}
   size_t MaxHeapSize                              = 4200595456                                {product} {ergonomic}
   size_t MaxNewSize                               = 2518679552                                {product} {ergonomic}
   size_t MinHeapDeltaBytes                        = 2097152                                   {product} {ergonomic}
   size_t MinHeapSize                              = 8388608                                   {product} {ergonomic}
    uintx NonNMethodCodeHeapSize                   = 5839372                                {pd product} {ergonomic}
    uintx NonProfiledCodeHeapSize                  = 122909434                              {pd product} {ergonomic}
    uintx ProfiledCodeHeapSize                     = 122909434                              {pd product} {ergonomic}
    uintx ReservedCodeCacheSize                    = 251658240                              {pd product} {ergonomic}
     bool SegmentedCodeCache                       = true                                      {product} {ergonomic}
   size_t SoftMaxHeapSize                          = 4200595456                             {manageable} {ergonomic}
     bool UseCompressedOops                        = true                           {product lp64_product} {ergonomic}
     bool UseG1GC                                  = true                                      {product} {ergonomic}
     bool UseLargePagesIndividualAllocation        = false                                  {pd product} {ergonomic}

Logging:
Log output configuration:
 #0: stdout all=warning uptime,level,tags foldmultilines=false
 #1: stderr all=off uptime,level,tags foldmultilines=false

Environment Variables:
JAVA_HOME=C:\Program Files\Java\jdk-22
PATH=C:\Program Files\Common Files\Oracle\Java\javapath;C:\Windows\system32;C:\Windows;C:\Windows\System32\Wbem;C:\Windows\System32\WindowsPowerShell\v1.0\;C:\Windows\System32\OpenSSH\;C:\Program Files (x86)\Common Files\Acronis\SnapAPI\;C:\Program Files (x86)\Common Files\Acronis\VirtualFile\;C:\Program Files (x86)\Common Files\Acronis\VirtualFile64\;C:\Program Files (x86)\Common Files\Acronis\FileProtector\;C:\Program Files (x86)\Common Files\Acronis\FileProtector64\;C:\Program Files\Git\cmd;C:\Program Files\Docker\Docker\resources\bin;C:\Users\aleandivanov\AppData\Local\nvm;C:\nvm4w\nodejs;C:\Program Files\nodejs\;C:\Program Files\flutter\bin;C:\Program Files\platform-tools;C:\Users\aleandivanov\AppData\Local\Microsoft\WindowsApps;C:\Users\aleandivanov\AppData\Local\JetBrains\Toolbox\scripts;C:\Users\aleandivanov\AppData\Local\nvm;C:\nvm4w\nodejs;C:\Users\aleandivanov\AppData\Local\Programs\Microsoft VS Code\bin;C:\Users\aleandivanov\AppData\Roaming\npm
USERNAME=aleandivanov
OS=Windows_NT
PROCESSOR_IDENTIFIER=Intel64 Family 6 Model 154 Stepping 4, GenuineIntel
TMP=C:\Users\ALEAND~1\AppData\Local\Temp
TEMP=C:\Users\ALEAND~1\AppData\Local\Temp




Periodic native trim disabled

JNI global refs:
JNI global refs: 14, weak refs: 15

JNI global refs memory usage: 835, weak refs: 833

Process memory usage:
Resident Set Size: 460836K (2% of 16400872K total physical memory with 487344K free physical memory)

OOME stack traces (most recent first):
Classloader memory used:
Loader jdk.internal.loader.ClassLoaders$AppClassLoader                                 : 59331K
Loader bootstrap                                                                       : 11045K
Loader java.net.URLClassLoader                                                         : 1374K

---------------  S Y S T E M  ---------------

OS:
 Windows 10 , 64 bit Build 19041 (10.0.19041.5678)
OS uptime: 2 days 0:14 hours
Hyper-V role detected

CPU: total 12 (initial active 12) (6 cores per cpu, 2 threads per core) family 6 model 154 stepping 4 microcode 0x436, cx8, cmov, fxsr, ht, mmx, 3dnowpref, sse, sse2, sse3, ssse3, sse4.1, sse4.2, popcnt, lzcnt, tsc, tscinvbit, avx, avx2, aes, erms, clmul, bmi1, bmi2, adx, sha, fma, vzeroupper, clflush, clflushopt, clwb, hv, rdtscp, rdpid, fsrm, f16c, cet_ibt, cet_ss
Processor Information for the first 12 processors :
  Max Mhz: 1300, Current Mhz: 1300, Mhz Limit: 1300

Memory: 4k page, system-wide physical 16016M (475M free)
TotalPageFile size 20112M (AvailPageFile size 5M)
current process WorkingSet (physical memory assigned to process): 451M, peak: 451M
current process commit charge ("private bytes"): 478M, peak: 479M

vm_info: OpenJDK 64-Bit Server VM (21.0.6+-13368085-b895.109) for windows-amd64 JRE (21.0.6+-13368085-b895.109), built on 2025-04-16T17:01:31Z by "builder" with MS VC++ 16.10 / 16.11 (VS2019)

END.
